2023-08-09 22:06:35.994 -03:00 [INF] Iniciando aplicação
2023-08-09 22:06:37.259 -03:00 [INF] Now listening on: http://localhost:5293
2023-08-09 22:06:37.269 -03:00 [INF] Application started. Press Ctrl+C to shut down.
2023-08-09 22:06:37.270 -03:00 [INF] Hosting environment: Development
2023-08-09 22:06:37.270 -03:00 [INF] Content root path: C:\Users\gabri\Documents\Unoeste\LP 1\IntroAPI\IntroAPI\
2023-08-09 22:06:38.282 -03:00 [INF] Request starting HTTP/1.1 GET http://localhost:5293/weatherforecast - -
2023-08-09 22:06:38.390 -03:00 [INF] Executing endpoint 'IntroAPI.Controllers.WeatherForecastController.Get (IntroAPI)'
2023-08-09 22:06:38.447 -03:00 [INF] Route matched with {action = "Get", controller = "WeatherForecast"}. Executing controller action with signature System.Collections.Generic.IEnumerable`1[IntroAPI.WeatherForecast] Get() on controller IntroAPI.Controllers.WeatherForecastController (IntroAPI).
2023-08-09 22:06:38.468 -03:00 [INF] Executing ObjectResult, writing value of type 'IntroAPI.WeatherForecast[]'.
2023-08-09 22:06:38.741 -03:00 [INF] Executed action IntroAPI.Controllers.WeatherForecastController.Get (IntroAPI) in 283.5176ms
2023-08-09 22:06:38.748 -03:00 [INF] Executed endpoint 'IntroAPI.Controllers.WeatherForecastController.Get (IntroAPI)'
2023-08-09 22:06:38.757 -03:00 [INF] Request finished HTTP/1.1 GET http://localhost:5293/weatherforecast - - - 200 - application/json;+charset=utf-8 487.2364ms
2023-08-09 22:06:47.356 -03:00 [INF] Request starting HTTP/1.1 GET http://localhost:5293/weatherforecast - -
2023-08-09 22:06:47.358 -03:00 [INF] Executing endpoint 'IntroAPI.Controllers.WeatherForecastController.Get (IntroAPI)'
2023-08-09 22:06:47.358 -03:00 [INF] Route matched with {action = "Get", controller = "WeatherForecast"}. Executing controller action with signature System.Collections.Generic.IEnumerable`1[IntroAPI.WeatherForecast] Get() on controller IntroAPI.Controllers.WeatherForecastController (IntroAPI).
2023-08-09 22:06:47.359 -03:00 [INF] Executing ObjectResult, writing value of type 'IntroAPI.WeatherForecast[]'.
2023-08-09 22:06:47.360 -03:00 [INF] Executed action IntroAPI.Controllers.WeatherForecastController.Get (IntroAPI) in 0.9723ms
2023-08-09 22:06:47.360 -03:00 [INF] Executed endpoint 'IntroAPI.Controllers.WeatherForecastController.Get (IntroAPI)'
2023-08-09 22:06:47.360 -03:00 [INF] Request finished HTTP/1.1 GET http://localhost:5293/weatherforecast - - - 200 - application/json;+charset=utf-8 4.3249ms
2023-08-09 22:06:47.770 -03:00 [INF] Request starting HTTP/1.1 GET http://localhost:5293/weatherforecast - -
2023-08-09 22:06:47.782 -03:00 [INF] Executing endpoint 'IntroAPI.Controllers.WeatherForecastController.Get (IntroAPI)'
2023-08-09 22:06:47.782 -03:00 [INF] Route matched with {action = "Get", controller = "WeatherForecast"}. Executing controller action with signature System.Collections.Generic.IEnumerable`1[IntroAPI.WeatherForecast] Get() on controller IntroAPI.Controllers.WeatherForecastController (IntroAPI).
2023-08-09 22:06:47.782 -03:00 [INF] Executing ObjectResult, writing value of type 'IntroAPI.WeatherForecast[]'.
2023-08-09 22:06:47.783 -03:00 [INF] Executed action IntroAPI.Controllers.WeatherForecastController.Get (IntroAPI) in 0.4775ms
2023-08-09 22:06:47.783 -03:00 [INF] Executed endpoint 'IntroAPI.Controllers.WeatherForecastController.Get (IntroAPI)'
2023-08-09 22:06:47.783 -03:00 [INF] Request finished HTTP/1.1 GET http://localhost:5293/weatherforecast - - - 200 - application/json;+charset=utf-8 12.9439ms
2023-08-09 22:06:48.178 -03:00 [INF] Request starting HTTP/1.1 GET http://localhost:5293/weatherforecast - -
2023-08-09 22:06:48.180 -03:00 [INF] Executing endpoint 'IntroAPI.Controllers.WeatherForecastController.Get (IntroAPI)'
2023-08-09 22:06:48.180 -03:00 [INF] Route matched with {action = "Get", controller = "WeatherForecast"}. Executing controller action with signature System.Collections.Generic.IEnumerable`1[IntroAPI.WeatherForecast] Get() on controller IntroAPI.Controllers.WeatherForecastController (IntroAPI).
2023-08-09 22:06:48.180 -03:00 [INF] Executing ObjectResult, writing value of type 'IntroAPI.WeatherForecast[]'.
2023-08-09 22:06:48.181 -03:00 [INF] Executed action IntroAPI.Controllers.WeatherForecastController.Get (IntroAPI) in 0.5028ms
2023-08-09 22:06:48.181 -03:00 [INF] Executed endpoint 'IntroAPI.Controllers.WeatherForecastController.Get (IntroAPI)'
2023-08-09 22:06:48.181 -03:00 [INF] Request finished HTTP/1.1 GET http://localhost:5293/weatherforecast - - - 200 - application/json;+charset=utf-8 2.9748ms
2023-08-09 22:06:49.537 -03:00 [INF] Request starting HTTP/1.1 GET http://localhost:5293/weatherforecast - -
2023-08-09 22:06:49.540 -03:00 [INF] Executing endpoint 'IntroAPI.Controllers.WeatherForecastController.Get (IntroAPI)'
2023-08-09 22:06:49.540 -03:00 [INF] Route matched with {action = "Get", controller = "WeatherForecast"}. Executing controller action with signature System.Collections.Generic.IEnumerable`1[IntroAPI.WeatherForecast] Get() on controller IntroAPI.Controllers.WeatherForecastController (IntroAPI).
2023-08-09 22:06:49.540 -03:00 [INF] Executing ObjectResult, writing value of type 'IntroAPI.WeatherForecast[]'.
2023-08-09 22:06:49.540 -03:00 [INF] Executed action IntroAPI.Controllers.WeatherForecastController.Get (IntroAPI) in 0.2978ms
2023-08-09 22:06:49.541 -03:00 [INF] Executed endpoint 'IntroAPI.Controllers.WeatherForecastController.Get (IntroAPI)'
2023-08-09 22:06:49.541 -03:00 [INF] Request finished HTTP/1.1 GET http://localhost:5293/weatherforecast - - - 200 - application/json;+charset=utf-8 4.0998ms
2023-08-09 22:06:49.690 -03:00 [INF] Request starting HTTP/1.1 GET http://localhost:5293/weatherforecast - -
2023-08-09 22:06:49.693 -03:00 [INF] Executing endpoint 'IntroAPI.Controllers.WeatherForecastController.Get (IntroAPI)'
2023-08-09 22:06:49.693 -03:00 [INF] Route matched with {action = "Get", controller = "WeatherForecast"}. Executing controller action with signature System.Collections.Generic.IEnumerable`1[IntroAPI.WeatherForecast] Get() on controller IntroAPI.Controllers.WeatherForecastController (IntroAPI).
2023-08-09 22:06:49.693 -03:00 [INF] Executing ObjectResult, writing value of type 'IntroAPI.WeatherForecast[]'.
2023-08-09 22:06:49.693 -03:00 [INF] Executed action IntroAPI.Controllers.WeatherForecastController.Get (IntroAPI) in 0.3442ms
2023-08-09 22:06:49.693 -03:00 [INF] Executed endpoint 'IntroAPI.Controllers.WeatherForecastController.Get (IntroAPI)'
2023-08-09 22:06:49.694 -03:00 [INF] Request finished HTTP/1.1 GET http://localhost:5293/weatherforecast - - - 200 - application/json;+charset=utf-8 3.3975ms
2023-08-09 22:06:49.841 -03:00 [INF] Request starting HTTP/1.1 GET http://localhost:5293/weatherforecast - -
2023-08-09 22:06:49.843 -03:00 [INF] Executing endpoint 'IntroAPI.Controllers.WeatherForecastController.Get (IntroAPI)'
2023-08-09 22:06:49.844 -03:00 [INF] Route matched with {action = "Get", controller = "WeatherForecast"}. Executing controller action with signature System.Collections.Generic.IEnumerable`1[IntroAPI.WeatherForecast] Get() on controller IntroAPI.Controllers.WeatherForecastController (IntroAPI).
2023-08-09 22:06:49.844 -03:00 [INF] Executing ObjectResult, writing value of type 'IntroAPI.WeatherForecast[]'.
2023-08-09 22:06:49.844 -03:00 [INF] Executed action IntroAPI.Controllers.WeatherForecastController.Get (IntroAPI) in 0.3771ms
2023-08-09 22:06:49.844 -03:00 [INF] Executed endpoint 'IntroAPI.Controllers.WeatherForecastController.Get (IntroAPI)'
2023-08-09 22:06:49.845 -03:00 [INF] Request finished HTTP/1.1 GET http://localhost:5293/weatherforecast - - - 200 - application/json;+charset=utf-8 3.5286ms
